<?xml version="1.0" encoding="UTF-8"?>
<!-- Generated by org.testng.reporters.JUnitReportReporter -->
<testsuite hostname="Vanraj" failures="0" tests="1" name="com.janitri.LoginTest" time="8.914" errors="0" timestamp="2025-09-06T16:10:39 IST" skipped="0">
  <testcase classname="com.janitri.LoginTest" name="testLogin" time="8.914"/>
</testsuite> <!-- com.janitri.LoginTest -->
